<?xml version="1.0" encoding="UTF-8"?>
<!-- Generated by org.testng.reporters.JUnitXMLReporter -->
<testsuite ignored="12" hostname="DESKTOP-S2UPBU9" failures="0" tests="6" name="ListCreationInBoard" time="65.358" errors="0" timestamp="2023-01-12T22:59:31 IST">
  <testcase classname="com.qsp.trello.test.TrelloEndToEnd" name="launchTrello" time="3.783"/>
  <testcase classname="com.qsp.trello.test.TrelloEndToEnd" name="homeLoginOptionClick" time="2.856"/>
  <testcase classname="com.qsp.trello.test.TrelloEndToEnd" name="login" time="19.576"/>
  <testcase classname="com.qsp.trello.test.TrelloEndToEnd" name="boardCreation" time="23.794"/>
  <testcase classname="com.qsp.trello.test.TrelloEndToEnd" name="deleteList" time="1.937"/>
  <testcase classname="com.qsp.trello.test.TrelloEndToEnd" name="createList" time="0.585"/>
  <testcase classname="com.qsp.trello.test.TrelloEndToEnd" name="alphabeticallyCardSort" time="0.0">
    <ignored/>
  </testcase> <!-- alphabeticallyCardSort -->
  <testcase classname="com.qsp.trello.test.TrelloEndToEnd" name="verifyLoginpage" time="0.0">
    <ignored/>
  </testcase> <!-- verifyLoginpage -->
  <testcase classname="com.qsp.trello.test.TrelloEndToEnd" name="deleteCreatedBoard" time="0.0">
    <ignored/>
  </testcase> <!-- deleteCreatedBoard -->
  <testcase classname="com.qsp.trello.test.TrelloEndToEnd" name="cardCreation" time="0.0">
    <ignored/>
  </testcase> <!-- cardCreation -->
  <testcase classname="com.qsp.trello.test.TrelloEndToEnd" name="verifyTrelloBoardpage" time="0.0">
    <ignored/>
  </testcase> <!-- verifyTrelloBoardpage -->
  <testcase classname="com.qsp.trello.test.TrelloEndToEnd" name="createBoardFromBoardPage" time="0.0">
    <ignored/>
  </testcase> <!-- createBoardFromBoardPage -->
  <testcase classname="com.qsp.trello.test.TrelloEndToEnd" name="moveFullyLoadedList" time="0.0">
    <ignored/>
  </testcase> <!-- moveFullyLoadedList -->
  <testcase classname="com.qsp.trello.test.TrelloEndToEnd" name="cardCount" time="0.0">
    <ignored/>
  </testcase> <!-- cardCount -->
  <testcase classname="com.qsp.trello.test.TrelloEndToEnd" name="deleteBoardOnTrelloBoardPage" time="0.0">
    <ignored/>
  </testcase> <!-- deleteBoardOnTrelloBoardPage -->
  <testcase classname="com.qsp.trello.test.TrelloEndToEnd" name="verifyTrelloHomepage" time="0.0">
    <ignored/>
  </testcase> <!-- verifyTrelloHomepage -->
  <testcase classname="com.qsp.trello.test.TrelloEndToEnd" name="swapList" time="0.0">
    <ignored/>
  </testcase> <!-- swapList -->
  <testcase classname="com.qsp.trello.test.TrelloEndToEnd" name="logout" time="0.0">
    <ignored/>
  </testcase> <!-- logout -->
</testsuite> <!-- ListCreationInBoard -->
