<?xml version="1.0" encoding="UTF-8"?>
<!-- Generated by org.testng.reporters.JUnitXMLReporter -->
<testsuite ignored="15" hostname="DESKTOP-S2UPBU9" failures="0" tests="3" name="VerifyTrelloLoginpage" time="68.078" errors="0" timestamp="2023-01-12T22:48:27 IST">
  <testcase classname="com.qsp.trello.test.TrelloEndToEnd" name="launchTrello" time="9.363"/>
  <testcase classname="com.qsp.trello.test.TrelloEndToEnd" name="homeLoginOptionClick" time="11.488"/>
  <testcase classname="com.qsp.trello.test.TrelloEndToEnd" name="verifyLoginpage" time="0.039"/>
  <testcase classname="com.qsp.trello.test.TrelloEndToEnd" name="verifyTrelloBoardpage" time="0.0">
    <ignored/>
  </testcase> <!-- verifyTrelloBoardpage -->
  <testcase classname="com.qsp.trello.test.TrelloEndToEnd" name="moveFullyLoadedList" time="0.0">
    <ignored/>
  </testcase> <!-- moveFullyLoadedList -->
  <testcase classname="com.qsp.trello.test.TrelloEndToEnd" name="deleteBoardOnTrelloBoardPage" time="0.0">
    <ignored/>
  </testcase> <!-- deleteBoardOnTrelloBoardPage -->
  <testcase classname="com.qsp.trello.test.TrelloEndToEnd" name="swapList" time="0.0">
    <ignored/>
  </testcase> <!-- swapList -->
  <testcase classname="com.qsp.trello.test.TrelloEndToEnd" name="logout" time="0.0">
    <ignored/>
  </testcase> <!-- logout -->
  <testcase classname="com.qsp.trello.test.TrelloEndToEnd" name="alphabeticallyCardSort" time="0.0">
    <ignored/>
  </testcase> <!-- alphabeticallyCardSort -->
  <testcase classname="com.qsp.trello.test.TrelloEndToEnd" name="login" time="0.0">
    <ignored/>
  </testcase> <!-- login -->
  <testcase classname="com.qsp.trello.test.TrelloEndToEnd" name="deleteCreatedBoard" time="0.0">
    <ignored/>
  </testcase> <!-- deleteCreatedBoard -->
  <testcase classname="com.qsp.trello.test.TrelloEndToEnd" name="cardCreation" time="0.0">
    <ignored/>
  </testcase> <!-- cardCreation -->
  <testcase classname="com.qsp.trello.test.TrelloEndToEnd" name="createBoardFromBoardPage" time="0.0">
    <ignored/>
  </testcase> <!-- createBoardFromBoardPage -->
  <testcase classname="com.qsp.trello.test.TrelloEndToEnd" name="boardCreation" time="0.0">
    <ignored/>
  </testcase> <!-- boardCreation -->
  <testcase classname="com.qsp.trello.test.TrelloEndToEnd" name="cardCount" time="0.0">
    <ignored/>
  </testcase> <!-- cardCount -->
  <testcase classname="com.qsp.trello.test.TrelloEndToEnd" name="verifyTrelloHomepage" time="0.0">
    <ignored/>
  </testcase> <!-- verifyTrelloHomepage -->
  <testcase classname="com.qsp.trello.test.TrelloEndToEnd" name="deleteList" time="0.0">
    <ignored/>
  </testcase> <!-- deleteList -->
  <testcase classname="com.qsp.trello.test.TrelloEndToEnd" name="createList" time="0.0">
    <ignored/>
  </testcase> <!-- createList -->
</testsuite> <!-- VerifyTrelloLoginpage -->
