<?xml version="1.0" encoding="UTF-8"?>
<testng-results ignored="12" total="18" passed="6" failed="0" skipped="0">
  <reporter-output>
    <line>
      <![CDATA[Board Created upon verification]]>
    </line>
  </reporter-output>
  <suite started-at="2023-01-12T22:58:26 IST" name="EndToEndSuite" finished-at="2023-01-12T22:59:31 IST" duration-ms="65358">
    <groups>
    </groups>
    <test started-at="2023-01-12T22:58:26 IST" name="ListCreationInBoard" finished-at="2023-01-12T22:59:31 IST" duration-ms="65358">
      <class name="com.qsp.trello.test.TrelloEndToEnd">
        <test-method is-config="true" signature="lunchBrowser()[pri:0, instance:com.qsp.trello.test.TrelloEndToEnd@6356695f]" started-at="2023-01-12T22:58:26 IST" name="lunchBrowser" finished-at="2023-01-12T22:58:37 IST" duration-ms="11375" status="PASS">
          <reporter-output>
          </reporter-output>
        </test-method> <!-- lunchBrowser -->
        <test-method signature="launchTrello()[pri:0, instance:com.qsp.trello.test.TrelloEndToEnd@6356695f]" started-at="2023-01-12T22:58:37 IST" name="launchTrello" finished-at="2023-01-12T22:58:41 IST" duration-ms="3783" status="PASS">
          <reporter-output>
          </reporter-output>
        </test-method> <!-- launchTrello -->
        <test-method signature="homeLoginOptionClick()[pri:0, instance:com.qsp.trello.test.TrelloEndToEnd@6356695f]" started-at="2023-01-12T22:58:41 IST" name="homeLoginOptionClick" finished-at="2023-01-12T22:58:44 IST" duration-ms="2856" status="PASS">
          <reporter-output>
          </reporter-output>
        </test-method> <!-- homeLoginOptionClick -->
        <test-method signature="login()[pri:0, instance:com.qsp.trello.test.TrelloEndToEnd@6356695f]" started-at="2023-01-12T22:58:44 IST" name="login" finished-at="2023-01-12T22:59:03 IST" duration-ms="19576" status="PASS">
          <reporter-output>
          </reporter-output>
        </test-method> <!-- login -->
        <test-method signature="boardCreation()[pri:0, instance:com.qsp.trello.test.TrelloEndToEnd@6356695f]" started-at="2023-01-12T22:59:03 IST" name="boardCreation" finished-at="2023-01-12T22:59:27 IST" duration-ms="23794" status="PASS">
          <reporter-output>
            <line>
              <![CDATA[Board Created upon verification]]>
            </line>
          </reporter-output>
        </test-method> <!-- boardCreation -->
        <test-method signature="deleteList()[pri:0, instance:com.qsp.trello.test.TrelloEndToEnd@6356695f]" started-at="2023-01-12T22:59:27 IST" name="deleteList" finished-at="2023-01-12T22:59:29 IST" duration-ms="1937" status="PASS">
          <reporter-output>
          </reporter-output>
        </test-method> <!-- deleteList -->
        <test-method signature="createList()[pri:0, instance:com.qsp.trello.test.TrelloEndToEnd@6356695f]" started-at="2023-01-12T22:59:29 IST" name="createList" finished-at="2023-01-12T22:59:30 IST" duration-ms="585" status="PASS">
          <reporter-output>
          </reporter-output>
        </test-method> <!-- createList -->
        <test-method is-config="true" signature="closeBrowser()[pri:0, instance:com.qsp.trello.test.TrelloEndToEnd@6356695f]" started-at="2023-01-12T22:59:30 IST" name="closeBrowser" finished-at="2023-01-12T22:59:31 IST" duration-ms="1307" status="PASS">
          <reporter-output>
          </reporter-output>
        </test-method> <!-- closeBrowser -->
      </class> <!-- com.qsp.trello.test.TrelloEndToEnd -->
    </test> <!-- ListCreationInBoard -->
  </suite> <!-- EndToEndSuite -->
</testng-results>
